Testfirmen ; <keine> ; 1 ; 5 ; 4 ; Match ; 0 ; 1. ; 9 ; k ; 963,3 ; 1201,4 ; 1539,91 ; 51,277 ; 15:45:13 ; 277,0778 ; 16.07.2016 ; SpO 1.80 ; frei ; 
Testfirmen ; <keine> ; 1 ; 5 ; 4 ; Match ; 0 ; 2. ; 10,1 ; g ; 698,4 ; -162,8 ; 717,12 ; 346,878 ; 15:45:27 ; 291,5778 ; 16.07.2016 ; SpO 1.80 ; frei ; 
Testfirmen ; <keine> ; 1 ; 5 ; 4 ; Match ; 0 ; 3. ; 10,7 ; R ; 155,3 ; 149,6 ; 215,63 ; 43,929 ; 15:45:45 ; 309,2968 ; 16.07.2016 ; SpO 1.80 ; frei ; 
Testfirmen ; <keine> ; 1 ; 5 ; 3 ; Match ; 0 ; 4. ; 10,4 ; k ; 320,5 ; 328,8 ; 459,16 ; 45,732 ; 15:45:57 ; 321,7647 ; 16.07.2016 ; SpO 1.80 ; frei ; 
Testfirmen ; <keine> ; 1 ; 4 ; 3 ; Match ; 0 ; 1. ; 9,3 ; j ; -837,6 ; 1063,8 ; 1353,97 ; 128,216 ; 17:10:05 ; 87,40575 ; 16.07.2016 ; SpO 1.80 ; frei ; 
Testfirmen ; <keine> ; 1 ; 4 ; 3 ; Match ; 0 ; 2. ; 9,4 ; i ; -41,9 ; -1280 ; 1280,69 ; 268,125 ; 17:10:51 ; 133,4057 ; 16.07.2016 ; SpO 1.80 ; frei ; 
Testfirmen ; <keine> ; 1 ; 4 ; 1 ; Match ; 0 ; 3. ; 10,4 ; f ; -417,5 ; 37,4 ; 419,17 ; 174,881 ; 17:11:06 ; 148,4527 ; 16.07.2016 ; SpO 1.80 ; frei ; 
Testfirmen ; <keine> ; 1 ; 4 ; 1 ; Match ; 0 ; 4. ; 9,8 ; f ; -920,9 ; 138,6 ; 931,27 ; 171,441 ; 17:11:54 ; 197,0938 ; 16.07.2016 ; SpO 1.80 ; frei ; 
Testfirmen ; <keine> ; 1 ; 3 ; 1 ; Match ; 0 ; 1. ; 6,7 ; i ; -1122,6 ; -3223,7 ; 3413,57 ; 250,8 ; 16:49:33 ; 225,2964 ; 16.07.2016 ; SpO 1.80 ; frei ; 
Testfirmen ; <keine> ; 1 ; 4 ; 5 ; Match ; 0 ; 5. ; 10 ; k ; 479,5 ; 618,1 ; 782,28 ; 52,197 ; 17:12:31 ; 233,7807 ; 16.07.2016 ; SpO 1.80 ; frei ; 
Testfirmen ; <keine> ; 1 ; 5 ; 7 ; Match ; 10 ; 1. ; 9,3 ; m ; 1121,4 ; -725,3 ; 1335,51 ; 327,106 ; 16:55:06 ; 215,9999 ; 16.07.2016 ; SpO 1.80 ; frei ; 
Testfirmen ; <keine> ; 1 ; 4 ; 7 ; Match ; 0 ; 6. ; 10,7 ; R ; 44,8 ; 196,8 ; 201,83 ; 77,176 ; 17:13:13 ; 276,1248 ; 16.07.2016 ; SpO 1.80 ; frei ; 
Testfirmen ; <keine> ; 1 ; 5 ; 7 ; Match ; 10 ; 2. ; 10,6 ; R ; 285,5 ; -58,3 ; 291,39 ; 348,459 ; 16:55:53 ; 262,9679 ; 16.07.2016 ; SpO 1.80 ; frei ; 
Testfirmen ; <keine> ; 1 ; 4 ; 8 ; Match ; 0 ; 7. ; 9,7 ; g ; 989,4 ; -38,5 ; 990,15 ; 357,772 ; 17:14:00 ; 322,3588 ; 16.07.2016 ; SpO 1.80 ; frei ; 
Testfirmen ; <keine> ; 1 ; 5 ; 8 ; Match ; 10 ; 3. ; 9,2 ; m ; 810,7 ; -1122,2 ; 1384,4 ; 305,845 ; 16:56:24 ; 294,0309 ; 16.07.2016 ; SpO 1.80 ; frei ; 
Testfirmen ; <keine> ; 1 ; 4 ; 8 ; Match ; 0 ; 8. ; 10,3 ; h ; -88,6 ; 524,5 ; 531,93 ; 99,588 ; 17:14:30 ; 352,3588 ; 16.07.2016 ; SpO 1.80 ; frei ; 
Testfirmen ; <keine> ; 1 ; 5 ; 9 ; Match ; 10 ; 1. ; 9,4 ; g ; 1187,3 ; -212,4 ; 1206,15 ; 349,857 ; 16:57:17 ; 32,84312 ; 16.07.2016 ; SpO 1.80 ; frei ; 
Testfirmen ; <keine> ; 1 ; 4 ; 9 ; Match ; 0 ; 9. ; 9,9 ; h ; 82,9 ; 845,6 ; 849,65 ; 84,401 ; 17:15:02 ; 384,5468 ; 16.07.2016 ; SpO 1.80 ; frei ; 
Testfirmen ; <keine> ; 1 ; 4 ; 9 ; Match ; 0 ; 10. ; 9,2 ; h ; 149 ; 1368 ; 1376,09 ; 83,784 ; 17:15:58 ; 441,3278 ; 16.07.2016 ; SpO 1.80 ; frei ; 
Testfirmen ; <keine> ; 1 ; 3 ; 10 ; Match ; 0 ; 2. ; 8,3 ; l ; -1148 ; -1750 ; 2092,94 ; 236,735 ; 16:53:36 ; 467,6554 ; 16.07.2016 ; SpO 1.80 ; frei ; 
Testfirmen ; <keine> ; 1 ; 5 ; 11 ; Match ; 10 ; 1. ; 10,2 ; m ; 483,7 ; -376,1 ; 612,71 ; 322,133 ; 16:59:12 ; 102,0461 ; 16.07.2016 ; SpO 1.80 ; frei ; 
Testfirmen ; <keine> ; 1 ; 4 ; 11 ; Match ; 11 ; 1. ; 9,7 ; h ; -204,8 ; 1016,1 ; 1036,53 ; 101,396 ; 17:17:16 ; 55,79688 ; 16.07.2016 ; SpO 1.80 ; frei ; 
Testfirmen ; <keine> ; 1 ; 5 ; 11 ; Match ; 10 ; 2. ; 10,9 ; R ; 25,2 ; 24,2 ; 34,94 ; 43,84 ; 16:59:46 ; 135,9371 ; 16.07.2016 ; SpO 1.80 ; frei ; 
Testfirmen ; <keine> ; 1 ; 4 ; 12 ; Match ; 11 ; 2. ; 10 ; k ; 333,8 ; 640 ; 721,82 ; 62,455 ; 17:18:01 ; 101,7499 ; 16.07.2016 ; SpO 1.80 ; frei ; 
Testfirmen ; <keine> ; 1 ; 3 ; 12 ; Match ; 0 ; 3. ; 8,2 ; i ; -448,9 ; -2163,6 ; 2209,68 ; 258,279 ; 16:55:14 ; 565,5934 ; 16.07.2016 ; SpO 1.80 ; frei ; 
Testfirmen ; <keine> ; 1 ; 5 ; 12 ; Match ; 10 ; 3. ; 9,6 ; i ; -284,4 ; -1051,3 ; 1089,09 ; 254,863 ; 17:00:35 ; 185,0311 ; 16.07.2016 ; SpO 1.80 ; frei ; 
Testfirmen ; <keine> ; 1 ; 4 ; 13 ; Match ; 11 ; 3. ; 10,3 ; k ; 221,8 ; 439,9 ; 492,65 ; 63,243 ; 17:18:40 ; 139,9999 ; 16.07.2016 ; SpO 1.80 ; frei ; 
Testfirmen ; <keine> ; 1 ; 3 ; 13 ; Match ; 0 ; 4. ; 9,3 ; m ; 959,5 ; -943 ; 1345,32 ; 315,497 ; 16:56:02 ; 614,0464 ; 16.07.2016 ; SpO 1.80 ; frei ; 
Testfirmen ; <keine> ; 1 ; 5 ; 13 ; Match ; 10 ; 1. ; 9,1 ; m ; 789,5 ; -1254,2 ; 1482 ; 302,19 ; 17:01:19 ; 28,21812 ; 16.07.2016 ; SpO 1.80 ; frei ; 
Testfirmen ; <keine> ; 1 ; 4 ; 14 ; Match ; 11 ; 4. ; 9,7 ; m ; 577 ; -802,9 ; 988,73 ; 305,703 ; 17:19:28 ; 188,6719 ; 16.07.2016 ; SpO 1.80 ; frei ; 
Testfirmen ; <keine> ; 1 ; 3 ; 15 ; Match ; 0 ; 5. ; 9,7 ; f ; -1032,8 ; -20,9 ; 1033,01 ; 181,159 ; 16:57:03 ; 674,4524 ; 16.07.2016 ; SpO 1.80 ; frei ; 
Testfirmen ; <keine> ; 1 ; 4 ; 15 ; Match ; 11 ; 5. ; 9,7 ; i ; -7,7 ; -962,2 ; 962,23 ; 269,541 ; 17:20:13 ; 233,0619 ; 16.07.2016 ; SpO 1.80 ; frei ; 
Testfirmen ; <keine> ; 1 ; 4 ; 15 ; Match ; 11 ; 6. ; 10,5 ; R ; -193,5 ; 260,6 ; 324,58 ; 126,595 ; 17:20:57 ; 277,1399 ; 16.07.2016 ; SpO 1.80 ; frei ; 
Testfirmen ; <keine> ; 1 ; 3 ; 16 ; Match ; 0 ; 6. ; 8,3 ; f ; -1961,9 ; 758,3 ; 2103,35 ; 158,868 ; 16:58:11 ; 742,7654 ; 16.07.2016 ; SpO 1.80 ; frei ; 
Testfirmen ; <keine> ; 1 ; 4 ; 16 ; Match ; 11 ; 7. ; 9,6 ; j ; -408,9 ; 966,7 ; 1049,62 ; 112,928 ; 17:21:28 ; 308,2499 ; 16.07.2016 ; SpO 1.80 ; frei ; 
Testfirmen ; <keine> ; 1 ; 3 ; 16 ; Match ; 0 ; 7. ; 9,5 ; h ; 288,7 ; 1146,1 ; 1181,9 ; 75,861 ; 16:58:49 ; 780,9054 ; 16.07.2016 ; SpO 1.80 ; frei ; 
Testfirmen ; <keine> ; 1 ; 2 ; 17 ; Match ; 0 ; 1. ; 4,7 ; j ; -3500,5 ; 3611,3 ; 5029,41 ; 134,107 ; 17:11:16 ; 790,031 ; 16.07.2016 ; SpO 1.80 ; frei ; 
Testfirmen ; <keine> ; 1 ; 4 ; 17 ; Match ; 11 ; 8. ; 10,7 ; R ; -188,5 ; 104,5 ; 215,53 ; 150,997 ; 17:22:04 ; 344,0619 ; 16.07.2016 ; SpO 1.80 ; frei ; 
Testfirmen ; <keine> ; 1 ; 2 ; 17 ; Match ; 0 ; 2. ; 9,3 ; l ; -953,2 ; -921 ; 1325,46 ; 224,016 ; 17:11:40 ; 814,359 ; 16.07.2016 ; SpO 1.80 ; frei ; 
Testfirmen ; <keine> ; 1 ; 3 ; 18 ; Match ; 0 ; 8. ; 9,4 ; k ; 599,1 ; 1102,2 ; 1254,5 ; 61,474 ; 16:59:36 ; 827,7344 ; 16.07.2016 ; SpO 1.80 ; frei ; 