BeidenBestenTeiler ; <keine> ; 1 ; 3 ; 25 ; Match ; 0 ; 4. ; 8,8 ; h ; -424,1 ; 1657,6 ; 1710,99 ; 104,351 ; 18:04:00 ; 240,0781 ; 16.07.2016 ; SpO 1.80 ; frei ; 
BeidenBestenTeiler ; <keine> ; 1 ; 2 ; 132 ; Match ; 0 ; 2. ; 7,9 ; j ; -1461,7 ; 1923,7 ; 2416,03 ; 127,229 ; 18:16:24 ; 125,515 ; 16.07.2016 ; SpO 1.80 ; frei ; 
BeidenBestenTeiler ; <keine> ; 1 ; 3 ; 25 ; Match ; 0 ; 5. ; 7,3 ; h ; 347 ; 2883,9 ; 2904,7 ; 83,139 ; 18:04:28 ; 268,1241 ; 16.07.2016 ; SpO 1.80 ; frei ; 
BeidenBestenTeiler ; <keine> ; 1 ; 1 ; 33 ; Match ; 0 ; 1. ; 9,6 ; g ; 1012,6 ; 258,6 ; 1045,1 ; 14,326 ; 18:38:57 ; 18,265 ; 16.07.2016 ; SpO 1.80 ; frei ; 
BeidenBestenTeiler ; <keine> ; 1 ; 2 ; 132 ; Match ; 0 ; 3. ; 9,9 ; l ; -682,7 ; -419,1 ; 801,08 ; 211,545 ; 18:17:02 ; 163,671 ; 16.07.2016 ; SpO 1.80 ; frei ; 
BeidenBestenTeiler ; <keine> ; 1 ; 4 ; 46 ; Match ; 0 ; 1. ; 8 ; f ; -2351,2 ; -353 ; 2377,55 ; 188,538 ; 18:27:46 ; 94,515 ; 16.07.2016 ; SpO 1.80 ; frei ; 
BeidenBestenTeiler ; <keine> ; 1 ; 3 ; 25 ; Match ; 0 ; 6. ; 7,1 ; j ; -2334,9 ; 1986,8 ; 3065,8 ; 139,605 ; 18:05:03 ; 302,9371 ; 16.07.2016 ; SpO 1.80 ; frei ; 
BeidenBestenTeiler ; <keine> ; 1 ; 1 ; 33 ; Match ; 0 ; 2. ; 8,8 ; j ; -1384,7 ; 1019,5 ; 1719,53 ; 143,637 ; 18:39:25 ; 47,125 ; 16.07.2016 ; SpO 1.80 ; frei ; 
BeidenBestenTeiler ; <keine> ; 1 ; 2 ; 132 ; Match ; 0 ; 5. ; 10,4 ; i ; 45 ; -434,4 ; 436,72 ; 275,914 ; 18:18:47 ; 268,578 ; 16.07.2016 ; SpO 1.80 ; frei ; 
BeidenBestenTeiler ; <keine> ; 1 ; 3 ; 25 ; Match ; 0 ; 7. ; 7,1 ; i ; -346,7 ; -3100,6 ; 3119,92 ; 263,62 ; 18:06:29 ; 389,5781 ; 16.07.2016 ; SpO 1.80 ; frei ; 
BeidenBestenTeiler ; <keine> ; 1 ; 1 ; 67 ; Match ; 0 ; 4. ; 8,9 ; j ; -1294,6 ; 1031,5 ; 1655,29 ; 141,453 ; 18:40:53 ; 135,078 ; 16.07.2016 ; SpO 1.80 ; frei ; 
BeidenBestenTeiler ; <keine> ; 1 ; 1 ; 67 ; Match ; 0 ; 5. ; 9,6 ; f ; -1043,4 ; 44 ; 1044,33 ; 177,585 ; 18:41:21 ; 163,093 ; 16.07.2016 ; SpO 1.80 ; frei ; 
BeidenBestenTeiler ; <keine> ; 1 ; 4 ; 46 ; Match ; 0 ; 3. ; 10,5 ; R ; 400,6 ; 14,3 ; 400,86 ; 2,044 ; 18:29:52 ; 220,953 ; 16.07.2016 ; SpO 1.80 ; frei ; 
BeidenBestenTeiler ; <keine> ; 1 ; 2 ; 132 ; Match ; 0 ; 6. ; 9,3 ; i ; -113,4 ; -1304,4 ; 1309,32 ; 265,031 ; 18:19:29 ; 310,781 ; 16.07.2016 ; SpO 1.80 ; frei ; 
BeidenBestenTeiler ; <keine> ; 1 ; 1 ; 33 ; Match ; 0 ; 8. ; 10,5 ; R ; -144,7 ; 308 ; 340,3 ; 115,152 ; 18:43:56 ; 317,265 ; 16.07.2016 ; SpO 1.80 ; frei ; 
BeidenBestenTeiler ; <keine> ; 1 ; 3 ; 25 ; Match ; 0 ; 9. ; 8,6 ; h ; 229,4 ; 1871,9 ; 1885,9 ; 83,013 ; 18:09:53 ; 593,5311 ; 16.07.2016 ; SpO 1.80 ; frei ; 
BeidenBestenTeiler ; <keine> ; 1 ; 2 ; 132 ; Match ; 0 ; 10. ; 9,3 ; j ; -1093,7 ; 795,7 ; 1352,52 ; 143,963 ; 18:22:20 ; 482,093 ; 16.07.2016 ; SpO 1.80 ; frei ; 
BeidenBestenTeiler ; <keine> ; 1 ; 1 ; 33 ; Match ; 0 ; 9. ; 10,5 ; R ; 27,7 ; 345,3 ; 346,41 ; 85,414 ; 18:44:32 ; 353,52 ; 16.07.2016 ; SpO 1.80 ; frei ; 
BeidenBestenTeiler ; <keine> ; 1 ; 3 ; 25 ; Match ; 0 ; 10. ; 7,8 ; f ; -2416,1 ; 730,4 ; 2524,09 ; 163,18 ; 18:10:30 ; 629,9531 ; 16.07.2016 ; SpO 1.80 ; frei ; 
BeidenBestenTeiler ; <keine> ; 1 ; 1 ; 33 ; Match ; 0 ; 10. ; 10,2 ; j ; -357,7 ; 511,5 ; 624,16 ; 124,966 ; 18:45:12 ; 394,171 ; 16.07.2016 ; SpO 1.80 ; frei ; 
BeidenBestenTeiler ; <keine> ; 1 ; 3 ; 25 ; Match ; 0 ; 11. ; 6,2 ; l ; -1839,3 ; -3328,9 ; 3803,24 ; 241,078 ; 18:11:00 ; 660,3741 ; 16.07.2016 ; SpO 1.80 ; frei ; 
BeidenBestenTeiler ; <keine> ; 1 ; 1 ; 83 ; Match ; 0 ; 2. ; 6,1 ; m ; 1903,7 ; -3348,7 ; 3851,99 ; 299,618 ; 18:54:57 ; 120,8116 ; 16.07.2016 ; SpO 1.80 ; frei ; 
BeidenBestenTeiler ; <keine> ; 1 ; 4 ; 45 ; Match ; 0 ; 2. ; 10,4 ; m ; 217,7 ; -412,4 ; 466,33 ; 297,829 ; 18:43:25 ; 148,3279 ; 16.07.2016 ; SpO 1.80 ; frei ; 
BeidenBestenTeiler ; <keine> ; 1 ; 3 ; 52 ; Match ; 0 ; 8. ; 9,9 ; f ; -828,3 ; 184,8 ; 848,66 ; 167,423 ; 18:20:39 ; 222,1716 ; 16.07.2016 ; SpO 1.80 ; frei ; 
BeidenBestenTeiler ; <keine> ; 1 ; 3 ; 52 ; Match ; 0 ; 9. ; 9,1 ; k ; 746,3 ; 1249,8 ; 1455,67 ; 59,157 ; 18:21:01 ; 244,2336 ; 16.07.2016 ; SpO 1.80 ; frei ; 
BeidenBestenTeiler ; <keine> ; 1 ; 4 ; 45 ; Match ; 0 ; 3. ; 10,2 ; j ; -335,5 ; 508,1 ; 608,87 ; 123,437 ; 18:43:50 ; 173,1559 ; 16.07.2016 ; SpO 1.80 ; frei ; 
BeidenBestenTeiler ; <keine> ; 1 ; 1 ; 83 ; Match ; 0 ; 3. ; 9,8 ; i ; -60,9 ; -906,1 ; 908,14 ; 266,155 ; 18:55:29 ; 153,1716 ; 16.07.2016 ; SpO 1.80 ; frei ; 
BeidenBestenTeiler ; <keine> ; 1 ; 4 ; 45 ; Match ; 0 ; 4. ; 10 ; f ; -754,8 ; -108,9 ; 762,62 ; 188,21 ; 18:44:16 ; 199,7499 ; 16.07.2016 ; SpO 1.80 ; frei ; 
BeidenBestenTeiler ; <keine> ; 1 ; 3 ; 52 ; Match ; 0 ; 10. ; 10 ; j ; -511,5 ; 610,5 ; 796,46 ; 129,958 ; 18:21:28 ; 270,8586 ; 16.07.2016 ; SpO 1.80 ; frei ; 
BeidenBestenTeiler ; <keine> ; 1 ; 1 ; 83 ; Match ; 0 ; 4. ; 7,7 ; i ; 338,5 ; -2598,6 ; 2620,55 ; 277,422 ; 18:56:06 ; 190,0466 ; 16.07.2016 ; SpO 1.80 ; frei ; 
BeidenBestenTeiler ; <keine> ; 1 ; 4 ; 45 ; Match ; 0 ; 5. ; 9,8 ; l ; -609,9 ; -683,1 ; 915,75 ; 228,24 ; 18:44:46 ; 229,7029 ; 16.07.2016 ; SpO 1.80 ; frei ; 
BeidenBestenTeiler ; <keine> ; 1 ; 1 ; 83 ; Match ; 0 ; 5. ; 9,4 ; i ; 229,8 ; -1237,1 ; 1258,26 ; 280,523 ; 18:56:49 ; 232,9996 ; 16.07.2016 ; SpO 1.80 ; frei ; 
BeidenBestenTeiler ; <keine> ; 1 ; 4 ; 45 ; Match ; 0 ; 6. ; 10,1 ; i ; -31,7 ; -522,3 ; 523,08 ; 267,175 ; 18:45:31 ; 274,3119 ; 16.07.2016 ; SpO 1.80 ; frei ; 
BeidenBestenTeiler ; <keine> ; 1 ; 1 ; 83 ; Match ; 0 ; 6. ; 9,3 ; m ; 1083,4 ; -740,5 ; 1312,29 ; 325,528 ; 18:57:24 ; 267,8746 ; 16.07.2016 ; SpO 1.80 ; frei ; 
BeidenBestenTeiler ; <keine> ; 1 ; 4 ; 45 ; Match ; 0 ; 7. ; 10,3 ; l ; -261,8 ; -458,6 ; 528,07 ; 240,279 ; 18:46:00 ; 303,6559 ; 16.07.2016 ; SpO 1.80 ; frei ; 
BeidenBestenTeiler ; <keine> ; 1 ; 3 ; 52 ; Match ; 0 ; 1. ; 9,2 ; h ; -346 ; 1371,6 ; 1414,57 ; 104,158 ; 18:23:12 ; 34,70313 ; 16.07.2016 ; SpO 1.80 ; frei ; 
BeidenBestenTeiler ; <keine> ; 1 ; 3 ; 52 ; Match ; 0 ; 5. ; 9,6 ; m ; 875,9 ; -573,3 ; 1046,84 ; 326,794 ; 18:24:48 ; 130,4531 ; 16.07.2016 ; SpO 1.80 ; frei ; 
BeidenBestenTeiler ; <keine> ; 1 ; 1 ; 83 ; Match ; 0 ; 9. ; 9,4 ; h ; 272,8 ; 1225,1 ; 1255,11 ; 77,446 ; 18:59:15 ; 378,6246 ; 16.07.2016 ; SpO 1.80 ; frei ; 
BeidenBestenTeiler ; <keine> ; 1 ; 4 ; 45 ; Match ; 0 ; 10. ; 9,7 ; i ; -354,6 ; -894,2 ; 961,94 ; 248,369 ; 18:47:57 ; 420,4999 ; 16.07.2016 ; SpO 1.80 ; frei ; 
BeidenBestenTeiler ; <keine> ; 1 ; 3 ; 52 ; Match ; 0 ; 6. ; 7,7 ; h ; -866,3 ; 2473,4 ; 2620,72 ; 109,303 ; 18:25:13 ; 155,4371 ; 16.07.2016 ; SpO 1.80 ; frei ; 
BeidenBestenTeiler ; <keine> ; 1 ; 1 ; 83 ; Match ; 0 ; 10. ; 8,7 ; h ; -450,4 ; 1746,4 ; 1803,54 ; 104,462 ; 18:59:41 ; 405,2186 ; 16.07.2016 ; SpO 1.80 ; frei ; 
BeidenBestenTeiler ; <keine> ; 1 ; 3 ; 52 ; Match ; 0 ; 7. ; 9,9 ; k ; 504,2 ; 657,8 ; 828,81 ; 52,53 ; 18:25:37 ; 179,4531 ; 16.07.2016 ; SpO 1.80 ; frei ; 
BeidenBestenTeiler ; <keine> ; 1 ; 4 ; 45 ; Match ; 0 ; 6. ; 10,4 ; k ; 358,7 ; 318,9 ; 479,96 ; 41,638 ; 18:52:02 ; 210,7529 ; 16.07.2016 ; SpO 1.80 ; frei ; 
BeidenBestenTeiler ; <keine> ; 1 ; 1 ; 33 ; Match ; 0 ; 5. ; 10 ; h ; -299,3 ; 739,1 ; 797,4 ; 112,046 ; 19:03:43 ; 170,2341 ; 16.07.2016 ; SpO 1.80 ; frei ; 
BeidenBestenTeiler ; <keine> ; 1 ; 1 ; 33 ; Match ; 0 ; 6. ; 10,4 ; k ; 268,1 ; 379,5 ; 452,65 ; 54,76 ; 19:04:08 ; 195,2181 ; 16.07.2016 ; SpO 1.80 ; frei ; 
BeidenBestenTeiler ; <keine> ; 1 ; 3 ; 3 ; Match ; 0 ; 4. ; 8,4 ; j ; -1137,6 ; 1698 ; 2043,85 ; 123,821 ; 18:29:52 ; 152,953 ; 16.07.2016 ; SpO 1.80 ; frei ; 
BeidenBestenTeiler ; <keine> ; 1 ; 4 ; 45 ; Match ; 0 ; 7. ; 9,4 ; h ; 444,6 ; 1160,3 ; 1242,56 ; 69,034 ; 18:52:42 ; 250,7969 ; 16.07.2016 ; SpO 1.80 ; frei ; 
BeidenBestenTeiler ; <keine> ; 1 ; 1 ; 33 ; Match ; 0 ; 7. ; 9 ; m ; 1307,8 ; -814,6 ; 1540,75 ; 328,082 ; 19:04:35 ; 222,7811 ; 16.07.2016 ; SpO 1.80 ; frei ; 
BeidenBestenTeiler ; <keine> ; 1 ; 4 ; 45 ; Match ; 0 ; 8. ; 10 ; g ; 762,3 ; 233,2 ; 797,17 ; 17,01 ; 18:53:12 ; 280,9369 ; 16.07.2016 ; SpO 1.80 ; frei ; 
BeidenBestenTeiler ; <keine> ; 1 ; 3 ; 3 ; Match ; 0 ; 5. ; 9,8 ; f ; -873,3 ; 358,6 ; 944,06 ; 157,676 ; 18:30:27 ; 187,078 ; 16.07.2016 ; SpO 1.80 ; frei ; 
BeidenBestenTeiler ; <keine> ; 1 ; 1 ; 33 ; Match ; 0 ; 8. ; 10,1 ; m ; 591,3 ; -354,2 ; 689,27 ; 329,078 ; 19:05:19 ; 267,0311 ; 16.07.2016 ; SpO 1.80 ; frei ; 
BeidenBestenTeiler ; <keine> ; 1 ; 3 ; 3 ; Match ; 0 ; 6. ; 10 ; h ; 202,4 ; 746,7 ; 773,65 ; 74,834 ; 18:31:17 ; 237,859 ; 16.07.2016 ; SpO 1.80 ; frei ; 
BeidenBestenTeiler ; <keine> ; 1 ; 4 ; 45 ; Match ; 0 ; 9. ; 10,4 ; g ; 423,7 ; 48,4 ; 426,46 ; 6,517 ; 18:54:10 ; 338,8749 ; 16.07.2016 ; SpO 1.80 ; frei ; 
BeidenBestenTeiler ; <keine> ; 1 ; 1 ; 33 ; Match ; 0 ; 9. ; 9 ; i ; -385,5 ; -1508 ; 1556,49 ; 255,66 ; 19:06:00 ; 307,6091 ; 16.07.2016 ; SpO 1.80 ; frei ; 
BeidenBestenTeiler ; <keine> ; 1 ; 1 ; 33 ; Match ; 0 ; 10. ; 10,2 ; m ; 490,3 ; -339,9 ; 596,6 ; 325,268 ; 19:06:19 ; 326,7181 ; 16.07.2016 ; SpO 1.80 ; frei ; 
BeidenBestenTeiler ; <keine> ; 1 ; 3 ; 3 ; Match ; 0 ; 7. ; 10,5 ; R ; -337,1 ; 161,7 ; 373,88 ; 154,374 ; 18:31:59 ; 279,015 ; 16.07.2016 ; SpO 1.80 ; frei ; 